51981471327:ENCOLADO ans_a1cb6d4a-80fe-47d5-b70e-27d288923c4f
EJECUTANDO:ans_a1cb6d4a-80fe-47d5-b70e-27d288923c4f
51981471327:SUCCESS
51981471327:ENCOLADO ans_15bec6fd-4292-4581-ad28-427d67e09102
EJECUTANDO:ans_15bec6fd-4292-4581-ad28-427d67e09102
51981471327:SUCCESS
51981471327:ENCOLADO ans_a1cb6d4a-80fe-47d5-b70e-27d288923c4f
EJECUTANDO:ans_a1cb6d4a-80fe-47d5-b70e-27d288923c4f
51981471327:SUCCESS
51981471327:ENCOLADO ans_15bec6fd-4292-4581-ad28-427d67e09102
EJECUTANDO:ans_15bec6fd-4292-4581-ad28-427d67e09102
51981471327:SUCCESS
51981471327:ENCOLADO ans_617f6aea-5f6b-4f54-80a0-f2961f778dd8
EJECUTANDO:ans_617f6aea-5f6b-4f54-80a0-f2961f778dd8
51981471327:SUCCESS
51981471327:ENCOLADO ans_e3319209-ee68-40a3-8494-7798069701b7
EJECUTANDO:ans_e3319209-ee68-40a3-8494-7798069701b7
51981471327:SUCCESS
51981471327:ENCOLADO ans_bd4dbf62-100b-4bb5-8000-43ef301eeab9
EJECUTANDO:ans_bd4dbf62-100b-4bb5-8000-43ef301eeab9
51981471327:SUCCESS
51981471327:ENCOLADO ans_9e0f732c-5c75-4f95-8332-51fb9259d94b
EJECUTANDO:ans_9e0f732c-5c75-4f95-8332-51fb9259d94b
51981471327:SUCCESS
51981471327:ENCOLADO ans_75fb2d28-7ff5-4973-8b54-ce5ad4db26fc
EJECUTANDO:ans_75fb2d28-7ff5-4973-8b54-ce5ad4db26fc
51981471327:SUCCESS
51981471327:ENCOLADO ans_a1cb6d4a-80fe-47d5-b70e-27d288923c4f
EJECUTANDO:ans_a1cb6d4a-80fe-47d5-b70e-27d288923c4f
51981471327:SUCCESS
51981471327:ENCOLADO ans_15bec6fd-4292-4581-ad28-427d67e09102
EJECUTANDO:ans_15bec6fd-4292-4581-ad28-427d67e09102
51981471327:SUCCESS
51981471327:ENCOLADO ans_a1cb6d4a-80fe-47d5-b70e-27d288923c4f
EJECUTANDO:ans_a1cb6d4a-80fe-47d5-b70e-27d288923c4f
51981471327:SUCCESS
51981471327:ENCOLADO ans_15bec6fd-4292-4581-ad28-427d67e09102
EJECUTANDO:ans_15bec6fd-4292-4581-ad28-427d67e09102
51981471327:SUCCESS
51981471327:ENCOLADO ans_617f6aea-5f6b-4f54-80a0-f2961f778dd8
EJECUTANDO:ans_617f6aea-5f6b-4f54-80a0-f2961f778dd8
51981471327:SUCCESS
51981471327:ENCOLADO ans_e3319209-ee68-40a3-8494-7798069701b7
EJECUTANDO:ans_e3319209-ee68-40a3-8494-7798069701b7
51981471327:SUCCESS
51981471327:ENCOLADO ans_b436d216-be72-493a-bdfc-94caa976c988
EJECUTANDO:ans_b436d216-be72-493a-bdfc-94caa976c988
51981471327:SUCCESS
51981471327:ENCOLADO ans_b2d85997-ad38-4824-8c04-9f5604c68557
EJECUTANDO:ans_b2d85997-ad38-4824-8c04-9f5604c68557
51981471327:SUCCESS
51981471327:ENCOLADO ans_392b6d85-4f25-4455-b712-f214d39941e0
EJECUTANDO:ans_392b6d85-4f25-4455-b712-f214d39941e0
51981471327:SUCCESS
